Using Log4J as the default logging framework
-Dio.netty.threadLocalMap.stringBuilder.initialSize: 1024
-Dio.netty.threadLocalMap.stringBuilder.maxSize: 4096
-Dio.netty.noUnsafe: false
Java version: 8
sun.misc.Unsafe.theUnsafe: available
sun.misc.Unsafe.copyMemory: available
java.nio.Buffer.address: available
direct buffer constructor: available
java.nio.Bits.unaligned: available, true
jdk.internal.misc.Unsafe.allocateUninitializedArray(int): unavailable prior to Java9
java.nio.DirectByteBuffer.<init>(long, int): available
sun.misc.Unsafe: available
-Dio.netty.tmpdir: /var/folders/6l/427qk1591m9cwdrmlwyh_w000000gn/T (java.io.tmpdir)
-Dio.netty.bitMode: 64 (sun.arch.data.model)
Platform: MacOS
-Dio.netty.maxDirectMemory: 3817865216 bytes
-Dio.netty.uninitializedArrayAllocationThreshold: -1
java.nio.ByteBuffer.cleaner(): available
-Dio.netty.noPreferDirect: false
-Dio.netty.eventLoopThreads: 16
-Dio.netty.noKeySetOptimization: false
-Dio.netty.selectorAutoRebuildThreshold: 512
org.jctools-core.MpscChunkedArrayQueue: available
-Dio.netty.processId: 21524 (auto-detected)
-Djava.net.preferIPv4Stack: false
-Djava.net.preferIPv6Addresses: false
Loopback interface: lo0 (lo0, 0:0:0:0:0:0:0:1%lo0)
Failed to get SOMAXCONN from sysctl and file /proc/sys/net/core/somaxconn. Default: 128
-Dio.netty.machineId: 3c:06:30:ff:fe:0f:a0:1c (auto-detected)
-Dorg.apache.flink.shaded.netty4.io.netty.leakDetection.level: simple
-Dorg.apache.flink.shaded.netty4.io.netty.leakDetection.targetRecords: 4
-Dio.netty.allocator.numHeapArenas: 16
-Dio.netty.allocator.numDirectArenas: 16
-Dio.netty.allocator.pageSize: 8192
-Dio.netty.allocator.maxOrder: 11
-Dio.netty.allocator.chunkSize: 16777216
-Dio.netty.allocator.smallCacheSize: 256
-Dio.netty.allocator.normalCacheSize: 64
-Dio.netty.allocator.maxCachedBufferCapacity: 32768
-Dio.netty.allocator.cacheTrimInterval: 8192
-Dio.netty.allocator.cacheTrimIntervalMillis: 0
-Dio.netty.allocator.useCacheForAllThreads: true
-Dio.netty.allocator.maxCachedByteBuffersPerChunk: 1023
-Dio.netty.allocator.type: pooled
-Dio.netty.threadLocalDirectBufferSize: 0
-Dio.netty.maxThreadLocalCharBufferSize: 16384
-Dorg.apache.flink.shaded.netty4.io.netty.buffer.checkAccessible: true
-Dorg.apache.flink.shaded.netty4.io.netty.buffer.checkBounds: true
Loaded default ResourceLeakDetector: org.apache.flink.shaded.netty4.io.netty.util.ResourceLeakDetector@34ce65be
Using Log4J as the default logging framework
-Dio.netty.threadLocalMap.stringBuilder.initialSize: 1024
-Dio.netty.threadLocalMap.stringBuilder.maxSize: 4096
-Dio.netty.noUnsafe: false
Java version: 8
sun.misc.Unsafe.theUnsafe: available
sun.misc.Unsafe.copyMemory: available
java.nio.Buffer.address: available
direct buffer constructor: available
java.nio.Bits.unaligned: available, true
jdk.internal.misc.Unsafe.allocateUninitializedArray(int): unavailable prior to Java9
java.nio.DirectByteBuffer.<init>(long, int): available
sun.misc.Unsafe: available
-Dio.netty.tmpdir: /var/folders/6l/427qk1591m9cwdrmlwyh_w000000gn/T (java.io.tmpdir)
-Dio.netty.bitMode: 64 (sun.arch.data.model)
Platform: MacOS
-Dio.netty.maxDirectMemory: 3817865216 bytes
-Dio.netty.uninitializedArrayAllocationThreshold: -1
java.nio.ByteBuffer.cleaner(): available
-Dio.netty.noPreferDirect: false
-Dio.netty.eventLoopThreads: 16
-Dio.netty.noKeySetOptimization: false
-Dio.netty.selectorAutoRebuildThreshold: 512
org.jctools-core.MpscChunkedArrayQueue: available
-Dio.netty.processId: 21842 (auto-detected)
-Djava.net.preferIPv4Stack: false
-Djava.net.preferIPv6Addresses: false
Loopback interface: lo0 (lo0, 0:0:0:0:0:0:0:1%lo0)
Failed to get SOMAXCONN from sysctl and file /proc/sys/net/core/somaxconn. Default: 128
-Dio.netty.machineId: 3c:06:30:ff:fe:0f:a0:1c (auto-detected)
-Dorg.apache.flink.shaded.netty4.io.netty.leakDetection.level: simple
-Dorg.apache.flink.shaded.netty4.io.netty.leakDetection.targetRecords: 4
-Dio.netty.allocator.numHeapArenas: 16
-Dio.netty.allocator.numDirectArenas: 16
-Dio.netty.allocator.pageSize: 8192
-Dio.netty.allocator.maxOrder: 11
-Dio.netty.allocator.chunkSize: 16777216
-Dio.netty.allocator.smallCacheSize: 256
-Dio.netty.allocator.normalCacheSize: 64
-Dio.netty.allocator.maxCachedBufferCapacity: 32768
-Dio.netty.allocator.cacheTrimInterval: 8192
-Dio.netty.allocator.cacheTrimIntervalMillis: 0
-Dio.netty.allocator.useCacheForAllThreads: true
-Dio.netty.allocator.maxCachedByteBuffersPerChunk: 1023
-Dio.netty.allocator.type: pooled
-Dio.netty.threadLocalDirectBufferSize: 0
-Dio.netty.maxThreadLocalCharBufferSize: 16384
-Dorg.apache.flink.shaded.netty4.io.netty.buffer.checkAccessible: true
-Dorg.apache.flink.shaded.netty4.io.netty.buffer.checkBounds: true
Loaded default ResourceLeakDetector: org.apache.flink.shaded.netty4.io.netty.util.ResourceLeakDetector@3457496e
Using Log4J as the default logging framework
-Dio.netty.threadLocalMap.stringBuilder.initialSize: 1024
-Dio.netty.threadLocalMap.stringBuilder.maxSize: 4096
-Dio.netty.noUnsafe: false
Java version: 8
sun.misc.Unsafe.theUnsafe: available
sun.misc.Unsafe.copyMemory: available
java.nio.Buffer.address: available
direct buffer constructor: available
java.nio.Bits.unaligned: available, true
jdk.internal.misc.Unsafe.allocateUninitializedArray(int): unavailable prior to Java9
java.nio.DirectByteBuffer.<init>(long, int): available
sun.misc.Unsafe: available
-Dio.netty.tmpdir: /var/folders/6l/427qk1591m9cwdrmlwyh_w000000gn/T (java.io.tmpdir)
-Dio.netty.bitMode: 64 (sun.arch.data.model)
Platform: MacOS
-Dio.netty.maxDirectMemory: 3817865216 bytes
-Dio.netty.uninitializedArrayAllocationThreshold: -1
java.nio.ByteBuffer.cleaner(): available
-Dio.netty.noPreferDirect: false
-Dio.netty.eventLoopThreads: 16
-Dio.netty.noKeySetOptimization: false
-Dio.netty.selectorAutoRebuildThreshold: 512
org.jctools-core.MpscChunkedArrayQueue: available
-Dio.netty.processId: 28728 (auto-detected)
-Djava.net.preferIPv4Stack: false
-Djava.net.preferIPv6Addresses: false
Loopback interface: lo0 (lo0, 0:0:0:0:0:0:0:1%lo0)
Failed to get SOMAXCONN from sysctl and file /proc/sys/net/core/somaxconn. Default: 128
-Dio.netty.machineId: 3c:06:30:ff:fe:0f:a0:1c (auto-detected)
-Dorg.apache.flink.shaded.netty4.io.netty.leakDetection.level: simple
-Dorg.apache.flink.shaded.netty4.io.netty.leakDetection.targetRecords: 4
-Dio.netty.allocator.numHeapArenas: 16
-Dio.netty.allocator.numDirectArenas: 16
-Dio.netty.allocator.pageSize: 8192
-Dio.netty.allocator.maxOrder: 11
-Dio.netty.allocator.chunkSize: 16777216
-Dio.netty.allocator.smallCacheSize: 256
-Dio.netty.allocator.normalCacheSize: 64
-Dio.netty.allocator.maxCachedBufferCapacity: 32768
-Dio.netty.allocator.cacheTrimInterval: 8192
-Dio.netty.allocator.cacheTrimIntervalMillis: 0
-Dio.netty.allocator.useCacheForAllThreads: true
-Dio.netty.allocator.maxCachedByteBuffersPerChunk: 1023
-Dio.netty.allocator.type: pooled
-Dio.netty.threadLocalDirectBufferSize: 0
-Dio.netty.maxThreadLocalCharBufferSize: 16384
-Dorg.apache.flink.shaded.netty4.io.netty.buffer.checkAccessible: true
-Dorg.apache.flink.shaded.netty4.io.netty.buffer.checkBounds: true
Loaded default ResourceLeakDetector: org.apache.flink.shaded.netty4.io.netty.util.ResourceLeakDetector@8d04e51
Using Log4J as the default logging framework
-Dio.netty.threadLocalMap.stringBuilder.initialSize: 1024
-Dio.netty.threadLocalMap.stringBuilder.maxSize: 4096
-Dio.netty.noUnsafe: false
Java version: 8
sun.misc.Unsafe.theUnsafe: available
sun.misc.Unsafe.copyMemory: available
java.nio.Buffer.address: available
direct buffer constructor: available
java.nio.Bits.unaligned: available, true
jdk.internal.misc.Unsafe.allocateUninitializedArray(int): unavailable prior to Java9
java.nio.DirectByteBuffer.<init>(long, int): available
sun.misc.Unsafe: available
-Dio.netty.tmpdir: /var/folders/6l/427qk1591m9cwdrmlwyh_w000000gn/T (java.io.tmpdir)
-Dio.netty.bitMode: 64 (sun.arch.data.model)
Platform: MacOS
-Dio.netty.maxDirectMemory: 3817865216 bytes
-Dio.netty.uninitializedArrayAllocationThreshold: -1
java.nio.ByteBuffer.cleaner(): available
-Dio.netty.noPreferDirect: false
-Dio.netty.eventLoopThreads: 16
-Dio.netty.noKeySetOptimization: false
-Dio.netty.selectorAutoRebuildThreshold: 512
org.jctools-core.MpscChunkedArrayQueue: available
-Dio.netty.processId: 29263 (auto-detected)
-Djava.net.preferIPv4Stack: false
-Djava.net.preferIPv6Addresses: false
Loopback interface: lo0 (lo0, 0:0:0:0:0:0:0:1%lo0)
Failed to get SOMAXCONN from sysctl and file /proc/sys/net/core/somaxconn. Default: 128
-Dio.netty.machineId: 3c:06:30:ff:fe:0f:a0:1c (auto-detected)
-Dorg.apache.flink.shaded.netty4.io.netty.leakDetection.level: simple
-Dorg.apache.flink.shaded.netty4.io.netty.leakDetection.targetRecords: 4
-Dio.netty.allocator.numHeapArenas: 16
-Dio.netty.allocator.numDirectArenas: 16
-Dio.netty.allocator.pageSize: 8192
-Dio.netty.allocator.maxOrder: 11
-Dio.netty.allocator.chunkSize: 16777216
-Dio.netty.allocator.smallCacheSize: 256
-Dio.netty.allocator.normalCacheSize: 64
-Dio.netty.allocator.maxCachedBufferCapacity: 32768
-Dio.netty.allocator.cacheTrimInterval: 8192
-Dio.netty.allocator.cacheTrimIntervalMillis: 0
-Dio.netty.allocator.useCacheForAllThreads: true
-Dio.netty.allocator.maxCachedByteBuffersPerChunk: 1023
-Dio.netty.allocator.type: pooled
-Dio.netty.threadLocalDirectBufferSize: 0
-Dio.netty.maxThreadLocalCharBufferSize: 16384
-Dorg.apache.flink.shaded.netty4.io.netty.buffer.checkAccessible: true
-Dorg.apache.flink.shaded.netty4.io.netty.buffer.checkBounds: true
Loaded default ResourceLeakDetector: org.apache.flink.shaded.netty4.io.netty.util.ResourceLeakDetector@4bbfa29e
Using Log4J as the default logging framework
-Dio.netty.threadLocalMap.stringBuilder.initialSize: 1024
-Dio.netty.threadLocalMap.stringBuilder.maxSize: 4096
-Dio.netty.noUnsafe: false
Java version: 8
sun.misc.Unsafe.theUnsafe: available
sun.misc.Unsafe.copyMemory: available
java.nio.Buffer.address: available
direct buffer constructor: available
java.nio.Bits.unaligned: available, true
jdk.internal.misc.Unsafe.allocateUninitializedArray(int): unavailable prior to Java9
java.nio.DirectByteBuffer.<init>(long, int): available
sun.misc.Unsafe: available
-Dio.netty.tmpdir: /var/folders/6l/427qk1591m9cwdrmlwyh_w000000gn/T (java.io.tmpdir)
-Dio.netty.bitMode: 64 (sun.arch.data.model)
Platform: MacOS
-Dio.netty.maxDirectMemory: 3817865216 bytes
-Dio.netty.uninitializedArrayAllocationThreshold: -1
java.nio.ByteBuffer.cleaner(): available
-Dio.netty.noPreferDirect: false
-Dio.netty.eventLoopThreads: 16
-Dio.netty.noKeySetOptimization: false
-Dio.netty.selectorAutoRebuildThreshold: 512
org.jctools-core.MpscChunkedArrayQueue: available
-Dio.netty.processId: 29716 (auto-detected)
-Djava.net.preferIPv4Stack: false
-Djava.net.preferIPv6Addresses: false
Loopback interface: lo0 (lo0, 0:0:0:0:0:0:0:1%lo0)
Failed to get SOMAXCONN from sysctl and file /proc/sys/net/core/somaxconn. Default: 128
-Dio.netty.machineId: 3c:06:30:ff:fe:0f:a0:1c (auto-detected)
-Dorg.apache.flink.shaded.netty4.io.netty.leakDetection.level: simple
-Dorg.apache.flink.shaded.netty4.io.netty.leakDetection.targetRecords: 4
-Dio.netty.allocator.numHeapArenas: 16
-Dio.netty.allocator.numDirectArenas: 16
-Dio.netty.allocator.pageSize: 8192
-Dio.netty.allocator.maxOrder: 11
-Dio.netty.allocator.chunkSize: 16777216
-Dio.netty.allocator.smallCacheSize: 256
-Dio.netty.allocator.normalCacheSize: 64
-Dio.netty.allocator.maxCachedBufferCapacity: 32768
-Dio.netty.allocator.cacheTrimInterval: 8192
-Dio.netty.allocator.cacheTrimIntervalMillis: 0
-Dio.netty.allocator.useCacheForAllThreads: true
-Dio.netty.allocator.maxCachedByteBuffersPerChunk: 1023
-Dio.netty.allocator.type: pooled
-Dio.netty.threadLocalDirectBufferSize: 0
-Dio.netty.maxThreadLocalCharBufferSize: 16384
-Dorg.apache.flink.shaded.netty4.io.netty.buffer.checkAccessible: true
-Dorg.apache.flink.shaded.netty4.io.netty.buffer.checkBounds: true
Loaded default ResourceLeakDetector: org.apache.flink.shaded.netty4.io.netty.util.ResourceLeakDetector@44d387b
Using Log4J as the default logging framework
-Dio.netty.threadLocalMap.stringBuilder.initialSize: 1024
-Dio.netty.threadLocalMap.stringBuilder.maxSize: 4096
-Dio.netty.noUnsafe: false
Java version: 8
sun.misc.Unsafe.theUnsafe: available
sun.misc.Unsafe.copyMemory: available
java.nio.Buffer.address: available
direct buffer constructor: available
java.nio.Bits.unaligned: available, true
jdk.internal.misc.Unsafe.allocateUninitializedArray(int): unavailable prior to Java9
java.nio.DirectByteBuffer.<init>(long, int): available
sun.misc.Unsafe: available
-Dio.netty.tmpdir: /var/folders/6l/427qk1591m9cwdrmlwyh_w000000gn/T (java.io.tmpdir)
-Dio.netty.bitMode: 64 (sun.arch.data.model)
Platform: MacOS
-Dio.netty.maxDirectMemory: 3817865216 bytes
-Dio.netty.uninitializedArrayAllocationThreshold: -1
java.nio.ByteBuffer.cleaner(): available
-Dio.netty.noPreferDirect: false
-Dio.netty.eventLoopThreads: 16
-Dio.netty.noKeySetOptimization: false
-Dio.netty.selectorAutoRebuildThreshold: 512
org.jctools-core.MpscChunkedArrayQueue: available
-Dio.netty.processId: 29739 (auto-detected)
-Djava.net.preferIPv4Stack: false
-Djava.net.preferIPv6Addresses: false
Loopback interface: lo0 (lo0, 0:0:0:0:0:0:0:1%lo0)
Failed to get SOMAXCONN from sysctl and file /proc/sys/net/core/somaxconn. Default: 128
-Dio.netty.machineId: 3c:06:30:ff:fe:0f:a0:1c (auto-detected)
-Dorg.apache.flink.shaded.netty4.io.netty.leakDetection.level: simple
-Dorg.apache.flink.shaded.netty4.io.netty.leakDetection.targetRecords: 4
-Dio.netty.allocator.numHeapArenas: 16
-Dio.netty.allocator.numDirectArenas: 16
-Dio.netty.allocator.pageSize: 8192
-Dio.netty.allocator.maxOrder: 11
-Dio.netty.allocator.chunkSize: 16777216
-Dio.netty.allocator.smallCacheSize: 256
-Dio.netty.allocator.normalCacheSize: 64
-Dio.netty.allocator.maxCachedBufferCapacity: 32768
-Dio.netty.allocator.cacheTrimInterval: 8192
-Dio.netty.allocator.cacheTrimIntervalMillis: 0
-Dio.netty.allocator.useCacheForAllThreads: true
-Dio.netty.allocator.maxCachedByteBuffersPerChunk: 1023
-Dio.netty.allocator.type: pooled
-Dio.netty.threadLocalDirectBufferSize: 0
-Dio.netty.maxThreadLocalCharBufferSize: 16384
-Dorg.apache.flink.shaded.netty4.io.netty.buffer.checkAccessible: true
-Dorg.apache.flink.shaded.netty4.io.netty.buffer.checkBounds: true
Loaded default ResourceLeakDetector: org.apache.flink.shaded.netty4.io.netty.util.ResourceLeakDetector@73315374
Using Log4J as the default logging framework
-Dio.netty.threadLocalMap.stringBuilder.initialSize: 1024
-Dio.netty.threadLocalMap.stringBuilder.maxSize: 4096
-Dio.netty.noUnsafe: false
Java version: 8
sun.misc.Unsafe.theUnsafe: available
sun.misc.Unsafe.copyMemory: available
java.nio.Buffer.address: available
direct buffer constructor: available
java.nio.Bits.unaligned: available, true
jdk.internal.misc.Unsafe.allocateUninitializedArray(int): unavailable prior to Java9
java.nio.DirectByteBuffer.<init>(long, int): available
sun.misc.Unsafe: available
-Dio.netty.tmpdir: /var/folders/6l/427qk1591m9cwdrmlwyh_w000000gn/T (java.io.tmpdir)
-Dio.netty.bitMode: 64 (sun.arch.data.model)
Platform: MacOS
-Dio.netty.maxDirectMemory: 3817865216 bytes
-Dio.netty.uninitializedArrayAllocationThreshold: -1
java.nio.ByteBuffer.cleaner(): available
-Dio.netty.noPreferDirect: false
-Dio.netty.eventLoopThreads: 16
-Dio.netty.noKeySetOptimization: false
-Dio.netty.selectorAutoRebuildThreshold: 512
org.jctools-core.MpscChunkedArrayQueue: available
-Dio.netty.processId: 49825 (auto-detected)
-Djava.net.preferIPv4Stack: false
-Djava.net.preferIPv6Addresses: false
Loopback interface: lo0 (lo0, 0:0:0:0:0:0:0:1%lo0)
Failed to get SOMAXCONN from sysctl and file /proc/sys/net/core/somaxconn. Default: 128
-Dio.netty.machineId: 3c:06:30:ff:fe:0f:a0:1c (auto-detected)
-Dorg.apache.flink.shaded.netty4.io.netty.leakDetection.level: simple
-Dorg.apache.flink.shaded.netty4.io.netty.leakDetection.targetRecords: 4
-Dio.netty.allocator.numHeapArenas: 16
-Dio.netty.allocator.numDirectArenas: 16
-Dio.netty.allocator.pageSize: 8192
-Dio.netty.allocator.maxOrder: 11
-Dio.netty.allocator.chunkSize: 16777216
-Dio.netty.allocator.smallCacheSize: 256
-Dio.netty.allocator.normalCacheSize: 64
-Dio.netty.allocator.maxCachedBufferCapacity: 32768
-Dio.netty.allocator.cacheTrimInterval: 8192
-Dio.netty.allocator.cacheTrimIntervalMillis: 0
-Dio.netty.allocator.useCacheForAllThreads: true
-Dio.netty.allocator.maxCachedByteBuffersPerChunk: 1023
-Dio.netty.allocator.type: pooled
-Dio.netty.threadLocalDirectBufferSize: 0
-Dio.netty.maxThreadLocalCharBufferSize: 16384
-Dorg.apache.flink.shaded.netty4.io.netty.buffer.checkAccessible: true
-Dorg.apache.flink.shaded.netty4.io.netty.buffer.checkBounds: true
Loaded default ResourceLeakDetector: org.apache.flink.shaded.netty4.io.netty.util.ResourceLeakDetector@4a478609
Using Log4J as the default logging framework
-Dio.netty.threadLocalMap.stringBuilder.initialSize: 1024
-Dio.netty.threadLocalMap.stringBuilder.maxSize: 4096
-Dio.netty.noUnsafe: false
Java version: 8
sun.misc.Unsafe.theUnsafe: available
sun.misc.Unsafe.copyMemory: available
java.nio.Buffer.address: available
direct buffer constructor: available
java.nio.Bits.unaligned: available, true
jdk.internal.misc.Unsafe.allocateUninitializedArray(int): unavailable prior to Java9
java.nio.DirectByteBuffer.<init>(long, int): available
sun.misc.Unsafe: available
-Dio.netty.tmpdir: /var/folders/6l/427qk1591m9cwdrmlwyh_w000000gn/T (java.io.tmpdir)
-Dio.netty.bitMode: 64 (sun.arch.data.model)
Platform: MacOS
-Dio.netty.maxDirectMemory: 3817865216 bytes
-Dio.netty.uninitializedArrayAllocationThreshold: -1
java.nio.ByteBuffer.cleaner(): available
-Dio.netty.noPreferDirect: false
-Dio.netty.eventLoopThreads: 16
-Dio.netty.noKeySetOptimization: false
-Dio.netty.selectorAutoRebuildThreshold: 512
org.jctools-core.MpscChunkedArrayQueue: available
-Dio.netty.processId: 52089 (auto-detected)
-Djava.net.preferIPv4Stack: false
-Djava.net.preferIPv6Addresses: false
Loopback interface: lo0 (lo0, 0:0:0:0:0:0:0:1%lo0)
Failed to get SOMAXCONN from sysctl and file /proc/sys/net/core/somaxconn. Default: 128
-Dio.netty.machineId: 3c:06:30:ff:fe:0f:a0:1c (auto-detected)
-Dorg.apache.flink.shaded.netty4.io.netty.leakDetection.level: simple
-Dorg.apache.flink.shaded.netty4.io.netty.leakDetection.targetRecords: 4
-Dio.netty.allocator.numHeapArenas: 16
-Dio.netty.allocator.numDirectArenas: 16
-Dio.netty.allocator.pageSize: 8192
-Dio.netty.allocator.maxOrder: 11
-Dio.netty.allocator.chunkSize: 16777216
-Dio.netty.allocator.smallCacheSize: 256
-Dio.netty.allocator.normalCacheSize: 64
-Dio.netty.allocator.maxCachedBufferCapacity: 32768
-Dio.netty.allocator.cacheTrimInterval: 8192
-Dio.netty.allocator.cacheTrimIntervalMillis: 0
-Dio.netty.allocator.useCacheForAllThreads: true
-Dio.netty.allocator.maxCachedByteBuffersPerChunk: 1023
-Dio.netty.allocator.type: pooled
-Dio.netty.threadLocalDirectBufferSize: 0
-Dio.netty.maxThreadLocalCharBufferSize: 16384
Using Log4J as the default logging framework
-Dio.netty.threadLocalMap.stringBuilder.initialSize: 1024
-Dio.netty.threadLocalMap.stringBuilder.maxSize: 4096
-Dio.netty.noUnsafe: false
Java version: 8
sun.misc.Unsafe.theUnsafe: available
sun.misc.Unsafe.copyMemory: available
java.nio.Buffer.address: available
direct buffer constructor: available
java.nio.Bits.unaligned: available, true
jdk.internal.misc.Unsafe.allocateUninitializedArray(int): unavailable prior to Java9
java.nio.DirectByteBuffer.<init>(long, int): available
sun.misc.Unsafe: available
-Dio.netty.tmpdir: /var/folders/6l/427qk1591m9cwdrmlwyh_w000000gn/T (java.io.tmpdir)
-Dio.netty.bitMode: 64 (sun.arch.data.model)
Platform: MacOS
-Dio.netty.maxDirectMemory: 3817865216 bytes
-Dio.netty.uninitializedArrayAllocationThreshold: -1
java.nio.ByteBuffer.cleaner(): available
-Dio.netty.noPreferDirect: false
-Dio.netty.eventLoopThreads: 16
-Dio.netty.noKeySetOptimization: false
-Dio.netty.selectorAutoRebuildThreshold: 512
org.jctools-core.MpscChunkedArrayQueue: available
-Dio.netty.processId: 52220 (auto-detected)
-Djava.net.preferIPv4Stack: false
-Djava.net.preferIPv6Addresses: false
Loopback interface: lo0 (lo0, 0:0:0:0:0:0:0:1%lo0)
Failed to get SOMAXCONN from sysctl and file /proc/sys/net/core/somaxconn. Default: 128
-Dio.netty.machineId: 3c:06:30:ff:fe:0f:a0:1c (auto-detected)
-Dorg.apache.flink.shaded.netty4.io.netty.leakDetection.level: simple
-Dorg.apache.flink.shaded.netty4.io.netty.leakDetection.targetRecords: 4
-Dio.netty.allocator.numHeapArenas: 16
-Dio.netty.allocator.numDirectArenas: 16
-Dio.netty.allocator.pageSize: 8192
-Dio.netty.allocator.maxOrder: 11
-Dio.netty.allocator.chunkSize: 16777216
-Dio.netty.allocator.smallCacheSize: 256
-Dio.netty.allocator.normalCacheSize: 64
-Dio.netty.allocator.maxCachedBufferCapacity: 32768
-Dio.netty.allocator.cacheTrimInterval: 8192
-Dio.netty.allocator.cacheTrimIntervalMillis: 0
-Dio.netty.allocator.useCacheForAllThreads: true
-Dio.netty.allocator.maxCachedByteBuffersPerChunk: 1023
-Dio.netty.allocator.type: pooled
-Dio.netty.threadLocalDirectBufferSize: 0
-Dio.netty.maxThreadLocalCharBufferSize: 16384
Using Log4J as the default logging framework
-Dio.netty.threadLocalMap.stringBuilder.initialSize: 1024
-Dio.netty.threadLocalMap.stringBuilder.maxSize: 4096
-Dio.netty.noUnsafe: false
Java version: 8
sun.misc.Unsafe.theUnsafe: available
sun.misc.Unsafe.copyMemory: available
java.nio.Buffer.address: available
direct buffer constructor: available
java.nio.Bits.unaligned: available, true
jdk.internal.misc.Unsafe.allocateUninitializedArray(int): unavailable prior to Java9
java.nio.DirectByteBuffer.<init>(long, int): available
sun.misc.Unsafe: available
-Dio.netty.tmpdir: /var/folders/6l/427qk1591m9cwdrmlwyh_w000000gn/T (java.io.tmpdir)
-Dio.netty.bitMode: 64 (sun.arch.data.model)
Platform: MacOS
-Dio.netty.maxDirectMemory: 3817865216 bytes
-Dio.netty.uninitializedArrayAllocationThreshold: -1
java.nio.ByteBuffer.cleaner(): available
-Dio.netty.noPreferDirect: false
-Dio.netty.eventLoopThreads: 16
-Dio.netty.noKeySetOptimization: false
-Dio.netty.selectorAutoRebuildThreshold: 512
org.jctools-core.MpscChunkedArrayQueue: available
-Dio.netty.processId: 53308 (auto-detected)
-Djava.net.preferIPv4Stack: false
-Djava.net.preferIPv6Addresses: false
Loopback interface: lo0 (lo0, 0:0:0:0:0:0:0:1%lo0)
Failed to get SOMAXCONN from sysctl and file /proc/sys/net/core/somaxconn. Default: 128
-Dio.netty.machineId: 3c:06:30:ff:fe:0f:a0:1c (auto-detected)
-Dorg.apache.flink.shaded.netty4.io.netty.leakDetection.level: simple
-Dorg.apache.flink.shaded.netty4.io.netty.leakDetection.targetRecords: 4
-Dio.netty.allocator.numHeapArenas: 16
-Dio.netty.allocator.numDirectArenas: 16
-Dio.netty.allocator.pageSize: 8192
-Dio.netty.allocator.maxOrder: 11
-Dio.netty.allocator.chunkSize: 16777216
-Dio.netty.allocator.smallCacheSize: 256
-Dio.netty.allocator.normalCacheSize: 64
-Dio.netty.allocator.maxCachedBufferCapacity: 32768
-Dio.netty.allocator.cacheTrimInterval: 8192
-Dio.netty.allocator.cacheTrimIntervalMillis: 0
-Dio.netty.allocator.useCacheForAllThreads: true
-Dio.netty.allocator.maxCachedByteBuffersPerChunk: 1023
-Dio.netty.allocator.type: pooled
-Dio.netty.threadLocalDirectBufferSize: 0
-Dio.netty.maxThreadLocalCharBufferSize: 16384
Using Log4J as the default logging framework
-Dio.netty.threadLocalMap.stringBuilder.initialSize: 1024
-Dio.netty.threadLocalMap.stringBuilder.maxSize: 4096
-Dio.netty.noUnsafe: false
Java version: 8
sun.misc.Unsafe.theUnsafe: available
sun.misc.Unsafe.copyMemory: available
java.nio.Buffer.address: available
direct buffer constructor: available
java.nio.Bits.unaligned: available, true
jdk.internal.misc.Unsafe.allocateUninitializedArray(int): unavailable prior to Java9
java.nio.DirectByteBuffer.<init>(long, int): available
sun.misc.Unsafe: available
-Dio.netty.tmpdir: /var/folders/6l/427qk1591m9cwdrmlwyh_w000000gn/T (java.io.tmpdir)
-Dio.netty.bitMode: 64 (sun.arch.data.model)
Platform: MacOS
-Dio.netty.maxDirectMemory: 3817865216 bytes
-Dio.netty.uninitializedArrayAllocationThreshold: -1
java.nio.ByteBuffer.cleaner(): available
-Dio.netty.noPreferDirect: false
-Dio.netty.eventLoopThreads: 16
-Dio.netty.noKeySetOptimization: false
-Dio.netty.selectorAutoRebuildThreshold: 512
org.jctools-core.MpscChunkedArrayQueue: available
-Dio.netty.processId: 53316 (auto-detected)
-Djava.net.preferIPv4Stack: false
-Djava.net.preferIPv6Addresses: false
Loopback interface: lo0 (lo0, 0:0:0:0:0:0:0:1%lo0)
Failed to get SOMAXCONN from sysctl and file /proc/sys/net/core/somaxconn. Default: 128
-Dio.netty.machineId: 3c:06:30:ff:fe:0f:a0:1c (auto-detected)
-Dorg.apache.flink.shaded.netty4.io.netty.leakDetection.level: simple
-Dorg.apache.flink.shaded.netty4.io.netty.leakDetection.targetRecords: 4
-Dio.netty.allocator.numHeapArenas: 16
-Dio.netty.allocator.numDirectArenas: 16
-Dio.netty.allocator.pageSize: 8192
-Dio.netty.allocator.maxOrder: 11
-Dio.netty.allocator.chunkSize: 16777216
-Dio.netty.allocator.smallCacheSize: 256
-Dio.netty.allocator.normalCacheSize: 64
-Dio.netty.allocator.maxCachedBufferCapacity: 32768
-Dio.netty.allocator.cacheTrimInterval: 8192
-Dio.netty.allocator.cacheTrimIntervalMillis: 0
-Dio.netty.allocator.useCacheForAllThreads: true
-Dio.netty.allocator.maxCachedByteBuffersPerChunk: 1023
-Dio.netty.allocator.type: pooled
-Dio.netty.threadLocalDirectBufferSize: 0
-Dio.netty.maxThreadLocalCharBufferSize: 16384
-Dorg.apache.flink.shaded.netty4.io.netty.buffer.checkAccessible: true
-Dorg.apache.flink.shaded.netty4.io.netty.buffer.checkBounds: true
Loaded default ResourceLeakDetector: org.apache.flink.shaded.netty4.io.netty.util.ResourceLeakDetector@7c60fc72
Using Log4J as the default logging framework
-Dio.netty.threadLocalMap.stringBuilder.initialSize: 1024
-Dio.netty.threadLocalMap.stringBuilder.maxSize: 4096
-Dio.netty.noUnsafe: false
Java version: 8
sun.misc.Unsafe.theUnsafe: available
sun.misc.Unsafe.copyMemory: available
java.nio.Buffer.address: available
direct buffer constructor: available
java.nio.Bits.unaligned: available, true
jdk.internal.misc.Unsafe.allocateUninitializedArray(int): unavailable prior to Java9
java.nio.DirectByteBuffer.<init>(long, int): available
sun.misc.Unsafe: available
-Dio.netty.tmpdir: /var/folders/6l/427qk1591m9cwdrmlwyh_w000000gn/T (java.io.tmpdir)
-Dio.netty.bitMode: 64 (sun.arch.data.model)
Platform: MacOS
-Dio.netty.maxDirectMemory: 3817865216 bytes
-Dio.netty.uninitializedArrayAllocationThreshold: -1
java.nio.ByteBuffer.cleaner(): available
-Dio.netty.noPreferDirect: false
-Dio.netty.eventLoopThreads: 16
-Dio.netty.noKeySetOptimization: false
-Dio.netty.selectorAutoRebuildThreshold: 512
org.jctools-core.MpscChunkedArrayQueue: available
-Dio.netty.processId: 53324 (auto-detected)
-Djava.net.preferIPv4Stack: false
-Djava.net.preferIPv6Addresses: false
Loopback interface: lo0 (lo0, 0:0:0:0:0:0:0:1%lo0)
Failed to get SOMAXCONN from sysctl and file /proc/sys/net/core/somaxconn. Default: 128
-Dio.netty.machineId: 3c:06:30:ff:fe:0f:a0:1c (auto-detected)
-Dorg.apache.flink.shaded.netty4.io.netty.leakDetection.level: simple
-Dorg.apache.flink.shaded.netty4.io.netty.leakDetection.targetRecords: 4
-Dio.netty.allocator.numHeapArenas: 16
-Dio.netty.allocator.numDirectArenas: 16
-Dio.netty.allocator.pageSize: 8192
-Dio.netty.allocator.maxOrder: 11
-Dio.netty.allocator.chunkSize: 16777216
-Dio.netty.allocator.smallCacheSize: 256
-Dio.netty.allocator.normalCacheSize: 64
-Dio.netty.allocator.maxCachedBufferCapacity: 32768
-Dio.netty.allocator.cacheTrimInterval: 8192
-Dio.netty.allocator.cacheTrimIntervalMillis: 0
-Dio.netty.allocator.useCacheForAllThreads: true
-Dio.netty.allocator.maxCachedByteBuffersPerChunk: 1023
-Dio.netty.allocator.type: pooled
-Dio.netty.threadLocalDirectBufferSize: 0
-Dio.netty.maxThreadLocalCharBufferSize: 16384
Using Log4J as the default logging framework
-Dio.netty.threadLocalMap.stringBuilder.initialSize: 1024
-Dio.netty.threadLocalMap.stringBuilder.maxSize: 4096
-Dio.netty.noUnsafe: false
Java version: 8
sun.misc.Unsafe.theUnsafe: available
sun.misc.Unsafe.copyMemory: available
java.nio.Buffer.address: available
direct buffer constructor: available
java.nio.Bits.unaligned: available, true
jdk.internal.misc.Unsafe.allocateUninitializedArray(int): unavailable prior to Java9
java.nio.DirectByteBuffer.<init>(long, int): available
sun.misc.Unsafe: available
-Dio.netty.tmpdir: /var/folders/6l/427qk1591m9cwdrmlwyh_w000000gn/T (java.io.tmpdir)
-Dio.netty.bitMode: 64 (sun.arch.data.model)
Platform: MacOS
-Dio.netty.maxDirectMemory: 3817865216 bytes
-Dio.netty.uninitializedArrayAllocationThreshold: -1
java.nio.ByteBuffer.cleaner(): available
-Dio.netty.noPreferDirect: false
-Dio.netty.eventLoopThreads: 16
-Dio.netty.noKeySetOptimization: false
-Dio.netty.selectorAutoRebuildThreshold: 512
org.jctools-core.MpscChunkedArrayQueue: available
-Dio.netty.processId: 53357 (auto-detected)
-Djava.net.preferIPv4Stack: false
-Djava.net.preferIPv6Addresses: false
Loopback interface: lo0 (lo0, 0:0:0:0:0:0:0:1%lo0)
Failed to get SOMAXCONN from sysctl and file /proc/sys/net/core/somaxconn. Default: 128
-Dio.netty.machineId: 3c:06:30:ff:fe:0f:a0:1c (auto-detected)
-Dorg.apache.flink.shaded.netty4.io.netty.leakDetection.level: simple
-Dorg.apache.flink.shaded.netty4.io.netty.leakDetection.targetRecords: 4
-Dio.netty.allocator.numHeapArenas: 16
-Dio.netty.allocator.numDirectArenas: 16
-Dio.netty.allocator.pageSize: 8192
-Dio.netty.allocator.maxOrder: 11
-Dio.netty.allocator.chunkSize: 16777216
-Dio.netty.allocator.smallCacheSize: 256
-Dio.netty.allocator.normalCacheSize: 64
-Dio.netty.allocator.maxCachedBufferCapacity: 32768
-Dio.netty.allocator.cacheTrimInterval: 8192
-Dio.netty.allocator.cacheTrimIntervalMillis: 0
-Dio.netty.allocator.useCacheForAllThreads: true
-Dio.netty.allocator.maxCachedByteBuffersPerChunk: 1023
-Dio.netty.allocator.type: pooled
-Dio.netty.threadLocalDirectBufferSize: 0
-Dio.netty.maxThreadLocalCharBufferSize: 16384
Using Log4J as the default logging framework
-Dio.netty.threadLocalMap.stringBuilder.initialSize: 1024
-Dio.netty.threadLocalMap.stringBuilder.maxSize: 4096
-Dio.netty.noUnsafe: false
Java version: 8
sun.misc.Unsafe.theUnsafe: available
sun.misc.Unsafe.copyMemory: available
java.nio.Buffer.address: available
direct buffer constructor: available
java.nio.Bits.unaligned: available, true
jdk.internal.misc.Unsafe.allocateUninitializedArray(int): unavailable prior to Java9
java.nio.DirectByteBuffer.<init>(long, int): available
sun.misc.Unsafe: available
-Dio.netty.tmpdir: /var/folders/6l/427qk1591m9cwdrmlwyh_w000000gn/T (java.io.tmpdir)
-Dio.netty.bitMode: 64 (sun.arch.data.model)
Platform: MacOS
-Dio.netty.maxDirectMemory: 3817865216 bytes
-Dio.netty.uninitializedArrayAllocationThreshold: -1
java.nio.ByteBuffer.cleaner(): available
-Dio.netty.noPreferDirect: false
-Dio.netty.eventLoopThreads: 16
-Dio.netty.noKeySetOptimization: false
-Dio.netty.selectorAutoRebuildThreshold: 512
org.jctools-core.MpscChunkedArrayQueue: available
-Dio.netty.processId: 53734 (auto-detected)
-Djava.net.preferIPv4Stack: false
-Djava.net.preferIPv6Addresses: false
Loopback interface: lo0 (lo0, 0:0:0:0:0:0:0:1%lo0)
Failed to get SOMAXCONN from sysctl and file /proc/sys/net/core/somaxconn. Default: 128
-Dio.netty.machineId: 3c:06:30:ff:fe:0f:a0:1c (auto-detected)
-Dorg.apache.flink.shaded.netty4.io.netty.leakDetection.level: simple
-Dorg.apache.flink.shaded.netty4.io.netty.leakDetection.targetRecords: 4
-Dio.netty.allocator.numHeapArenas: 16
-Dio.netty.allocator.numDirectArenas: 16
-Dio.netty.allocator.pageSize: 8192
-Dio.netty.allocator.maxOrder: 11
-Dio.netty.allocator.chunkSize: 16777216
-Dio.netty.allocator.smallCacheSize: 256
-Dio.netty.allocator.normalCacheSize: 64
-Dio.netty.allocator.maxCachedBufferCapacity: 32768
-Dio.netty.allocator.cacheTrimInterval: 8192
-Dio.netty.allocator.cacheTrimIntervalMillis: 0
-Dio.netty.allocator.useCacheForAllThreads: true
-Dio.netty.allocator.maxCachedByteBuffersPerChunk: 1023
-Dio.netty.allocator.type: pooled
-Dio.netty.threadLocalDirectBufferSize: 0
-Dio.netty.maxThreadLocalCharBufferSize: 16384
Using Log4J as the default logging framework
-Dio.netty.threadLocalMap.stringBuilder.initialSize: 1024
-Dio.netty.threadLocalMap.stringBuilder.maxSize: 4096
-Dio.netty.noUnsafe: false
Java version: 8
sun.misc.Unsafe.theUnsafe: available
sun.misc.Unsafe.copyMemory: available
java.nio.Buffer.address: available
direct buffer constructor: available
java.nio.Bits.unaligned: available, true
jdk.internal.misc.Unsafe.allocateUninitializedArray(int): unavailable prior to Java9
java.nio.DirectByteBuffer.<init>(long, int): available
sun.misc.Unsafe: available
-Dio.netty.tmpdir: /var/folders/6l/427qk1591m9cwdrmlwyh_w000000gn/T (java.io.tmpdir)
-Dio.netty.bitMode: 64 (sun.arch.data.model)
Platform: MacOS
-Dio.netty.maxDirectMemory: 3817865216 bytes
-Dio.netty.uninitializedArrayAllocationThreshold: -1
java.nio.ByteBuffer.cleaner(): available
-Dio.netty.noPreferDirect: false
-Dio.netty.eventLoopThreads: 16
-Dio.netty.noKeySetOptimization: false
-Dio.netty.selectorAutoRebuildThreshold: 512
org.jctools-core.MpscChunkedArrayQueue: available
-Dio.netty.processId: 54496 (auto-detected)
-Djava.net.preferIPv4Stack: false
-Djava.net.preferIPv6Addresses: false
Loopback interface: lo0 (lo0, 0:0:0:0:0:0:0:1%lo0)
Failed to get SOMAXCONN from sysctl and file /proc/sys/net/core/somaxconn. Default: 128
-Dio.netty.machineId: 3c:06:30:ff:fe:0f:a0:1c (auto-detected)
-Dorg.apache.flink.shaded.netty4.io.netty.leakDetection.level: simple
-Dorg.apache.flink.shaded.netty4.io.netty.leakDetection.targetRecords: 4
-Dio.netty.allocator.numHeapArenas: 16
-Dio.netty.allocator.numDirectArenas: 16
-Dio.netty.allocator.pageSize: 8192
-Dio.netty.allocator.maxOrder: 11
-Dio.netty.allocator.chunkSize: 16777216
-Dio.netty.allocator.smallCacheSize: 256
-Dio.netty.allocator.normalCacheSize: 64
-Dio.netty.allocator.maxCachedBufferCapacity: 32768
-Dio.netty.allocator.cacheTrimInterval: 8192
-Dio.netty.allocator.cacheTrimIntervalMillis: 0
-Dio.netty.allocator.useCacheForAllThreads: true
-Dio.netty.allocator.maxCachedByteBuffersPerChunk: 1023
-Dio.netty.allocator.type: pooled
-Dio.netty.threadLocalDirectBufferSize: 0
-Dio.netty.maxThreadLocalCharBufferSize: 16384
Using Log4J as the default logging framework
-Dio.netty.threadLocalMap.stringBuilder.initialSize: 1024
-Dio.netty.threadLocalMap.stringBuilder.maxSize: 4096
-Dio.netty.noUnsafe: false
Java version: 8
sun.misc.Unsafe.theUnsafe: available
sun.misc.Unsafe.copyMemory: available
java.nio.Buffer.address: available
direct buffer constructor: available
java.nio.Bits.unaligned: available, true
jdk.internal.misc.Unsafe.allocateUninitializedArray(int): unavailable prior to Java9
java.nio.DirectByteBuffer.<init>(long, int): available
sun.misc.Unsafe: available
-Dio.netty.tmpdir: /var/folders/6l/427qk1591m9cwdrmlwyh_w000000gn/T (java.io.tmpdir)
-Dio.netty.bitMode: 64 (sun.arch.data.model)
Platform: MacOS
-Dio.netty.maxDirectMemory: 3817865216 bytes
-Dio.netty.uninitializedArrayAllocationThreshold: -1
java.nio.ByteBuffer.cleaner(): available
-Dio.netty.noPreferDirect: false
-Dio.netty.eventLoopThreads: 16
-Dio.netty.noKeySetOptimization: false
-Dio.netty.selectorAutoRebuildThreshold: 512
org.jctools-core.MpscChunkedArrayQueue: available
-Dio.netty.processId: 54543 (auto-detected)
-Djava.net.preferIPv4Stack: false
-Djava.net.preferIPv6Addresses: false
Loopback interface: lo0 (lo0, 0:0:0:0:0:0:0:1%lo0)
Failed to get SOMAXCONN from sysctl and file /proc/sys/net/core/somaxconn. Default: 128
-Dio.netty.machineId: 3c:06:30:ff:fe:0f:a0:1c (auto-detected)
-Dorg.apache.flink.shaded.netty4.io.netty.leakDetection.level: simple
-Dorg.apache.flink.shaded.netty4.io.netty.leakDetection.targetRecords: 4
-Dio.netty.allocator.numHeapArenas: 16
-Dio.netty.allocator.numDirectArenas: 16
-Dio.netty.allocator.pageSize: 8192
-Dio.netty.allocator.maxOrder: 11
-Dio.netty.allocator.chunkSize: 16777216
-Dio.netty.allocator.smallCacheSize: 256
-Dio.netty.allocator.normalCacheSize: 64
-Dio.netty.allocator.maxCachedBufferCapacity: 32768
-Dio.netty.allocator.cacheTrimInterval: 8192
-Dio.netty.allocator.cacheTrimIntervalMillis: 0
-Dio.netty.allocator.useCacheForAllThreads: true
-Dio.netty.allocator.maxCachedByteBuffersPerChunk: 1023
-Dio.netty.allocator.type: pooled
-Dio.netty.threadLocalDirectBufferSize: 0
-Dio.netty.maxThreadLocalCharBufferSize: 16384
Using Log4J as the default logging framework
-Dio.netty.threadLocalMap.stringBuilder.initialSize: 1024
-Dio.netty.threadLocalMap.stringBuilder.maxSize: 4096
-Dio.netty.noUnsafe: false
Java version: 8
sun.misc.Unsafe.theUnsafe: available
sun.misc.Unsafe.copyMemory: available
java.nio.Buffer.address: available
direct buffer constructor: available
java.nio.Bits.unaligned: available, true
jdk.internal.misc.Unsafe.allocateUninitializedArray(int): unavailable prior to Java9
java.nio.DirectByteBuffer.<init>(long, int): available
sun.misc.Unsafe: available
-Dio.netty.tmpdir: /var/folders/6l/427qk1591m9cwdrmlwyh_w000000gn/T (java.io.tmpdir)
-Dio.netty.bitMode: 64 (sun.arch.data.model)
Platform: MacOS
-Dio.netty.maxDirectMemory: 3817865216 bytes
-Dio.netty.uninitializedArrayAllocationThreshold: -1
java.nio.ByteBuffer.cleaner(): available
-Dio.netty.noPreferDirect: false
-Dio.netty.eventLoopThreads: 16
-Dio.netty.noKeySetOptimization: false
-Dio.netty.selectorAutoRebuildThreshold: 512
org.jctools-core.MpscChunkedArrayQueue: available
-Dio.netty.processId: 55520 (auto-detected)
-Djava.net.preferIPv4Stack: false
-Djava.net.preferIPv6Addresses: false
Loopback interface: lo0 (lo0, 0:0:0:0:0:0:0:1%lo0)
Failed to get SOMAXCONN from sysctl and file /proc/sys/net/core/somaxconn. Default: 128
-Dio.netty.machineId: 3c:06:30:ff:fe:0f:a0:1c (auto-detected)
-Dorg.apache.flink.shaded.netty4.io.netty.leakDetection.level: simple
-Dorg.apache.flink.shaded.netty4.io.netty.leakDetection.targetRecords: 4
-Dio.netty.allocator.numHeapArenas: 16
-Dio.netty.allocator.numDirectArenas: 16
-Dio.netty.allocator.pageSize: 8192
-Dio.netty.allocator.maxOrder: 11
-Dio.netty.allocator.chunkSize: 16777216
-Dio.netty.allocator.smallCacheSize: 256
-Dio.netty.allocator.normalCacheSize: 64
-Dio.netty.allocator.maxCachedBufferCapacity: 32768
-Dio.netty.allocator.cacheTrimInterval: 8192
-Dio.netty.allocator.cacheTrimIntervalMillis: 0
-Dio.netty.allocator.useCacheForAllThreads: true
-Dio.netty.allocator.maxCachedByteBuffersPerChunk: 1023
-Dio.netty.allocator.type: pooled
-Dio.netty.threadLocalDirectBufferSize: 0
-Dio.netty.maxThreadLocalCharBufferSize: 16384
Using Log4J as the default logging framework
-Dio.netty.threadLocalMap.stringBuilder.initialSize: 1024
-Dio.netty.threadLocalMap.stringBuilder.maxSize: 4096
-Dio.netty.noUnsafe: false
Java version: 8
sun.misc.Unsafe.theUnsafe: available
sun.misc.Unsafe.copyMemory: available
java.nio.Buffer.address: available
direct buffer constructor: available
java.nio.Bits.unaligned: available, true
jdk.internal.misc.Unsafe.allocateUninitializedArray(int): unavailable prior to Java9
java.nio.DirectByteBuffer.<init>(long, int): available
sun.misc.Unsafe: available
-Dio.netty.tmpdir: /var/folders/6l/427qk1591m9cwdrmlwyh_w000000gn/T (java.io.tmpdir)
-Dio.netty.bitMode: 64 (sun.arch.data.model)
Platform: MacOS
-Dio.netty.maxDirectMemory: 3817865216 bytes
-Dio.netty.uninitializedArrayAllocationThreshold: -1
java.nio.ByteBuffer.cleaner(): available
-Dio.netty.noPreferDirect: false
-Dio.netty.eventLoopThreads: 16
-Dio.netty.noKeySetOptimization: false
-Dio.netty.selectorAutoRebuildThreshold: 512
org.jctools-core.MpscChunkedArrayQueue: available
-Dio.netty.processId: 56902 (auto-detected)
-Djava.net.preferIPv4Stack: false
-Djava.net.preferIPv6Addresses: false
Loopback interface: lo0 (lo0, 0:0:0:0:0:0:0:1%lo0)
Failed to get SOMAXCONN from sysctl and file /proc/sys/net/core/somaxconn. Default: 128
-Dio.netty.machineId: 3c:06:30:ff:fe:0f:a0:1c (auto-detected)
-Dorg.apache.flink.shaded.netty4.io.netty.leakDetection.level: simple
-Dorg.apache.flink.shaded.netty4.io.netty.leakDetection.targetRecords: 4
-Dio.netty.allocator.numHeapArenas: 16
-Dio.netty.allocator.numDirectArenas: 16
-Dio.netty.allocator.pageSize: 8192
-Dio.netty.allocator.maxOrder: 11
-Dio.netty.allocator.chunkSize: 16777216
-Dio.netty.allocator.smallCacheSize: 256
-Dio.netty.allocator.normalCacheSize: 64
-Dio.netty.allocator.maxCachedBufferCapacity: 32768
-Dio.netty.allocator.cacheTrimInterval: 8192
-Dio.netty.allocator.cacheTrimIntervalMillis: 0
-Dio.netty.allocator.useCacheForAllThreads: true
-Dio.netty.allocator.maxCachedByteBuffersPerChunk: 1023
-Dio.netty.allocator.type: pooled
-Dio.netty.threadLocalDirectBufferSize: 0
-Dio.netty.maxThreadLocalCharBufferSize: 16384
-Dorg.apache.flink.shaded.netty4.io.netty.buffer.checkAccessible: true
-Dorg.apache.flink.shaded.netty4.io.netty.buffer.checkBounds: true
Loaded default ResourceLeakDetector: org.apache.flink.shaded.netty4.io.netty.util.ResourceLeakDetector@4c4cd593
Using Log4J as the default logging framework
-Dio.netty.threadLocalMap.stringBuilder.initialSize: 1024
-Dio.netty.threadLocalMap.stringBuilder.maxSize: 4096
-Dio.netty.noUnsafe: false
Java version: 8
sun.misc.Unsafe.theUnsafe: available
sun.misc.Unsafe.copyMemory: available
java.nio.Buffer.address: available
direct buffer constructor: available
java.nio.Bits.unaligned: available, true
jdk.internal.misc.Unsafe.allocateUninitializedArray(int): unavailable prior to Java9
java.nio.DirectByteBuffer.<init>(long, int): available
sun.misc.Unsafe: available
-Dio.netty.tmpdir: /var/folders/6l/427qk1591m9cwdrmlwyh_w000000gn/T (java.io.tmpdir)
-Dio.netty.bitMode: 64 (sun.arch.data.model)
Platform: MacOS
-Dio.netty.maxDirectMemory: 3817865216 bytes
-Dio.netty.uninitializedArrayAllocationThreshold: -1
java.nio.ByteBuffer.cleaner(): available
-Dio.netty.noPreferDirect: false
-Dio.netty.eventLoopThreads: 16
-Dio.netty.noKeySetOptimization: false
-Dio.netty.selectorAutoRebuildThreshold: 512
org.jctools-core.MpscChunkedArrayQueue: available
-Dio.netty.processId: 60493 (auto-detected)
-Djava.net.preferIPv4Stack: false
-Djava.net.preferIPv6Addresses: false
Loopback interface: lo0 (lo0, 0:0:0:0:0:0:0:1%lo0)
Failed to get SOMAXCONN from sysctl and file /proc/sys/net/core/somaxconn. Default: 128
-Dio.netty.machineId: 3c:06:30:ff:fe:0f:a0:1c (auto-detected)
-Dorg.apache.flink.shaded.netty4.io.netty.leakDetection.level: simple
-Dorg.apache.flink.shaded.netty4.io.netty.leakDetection.targetRecords: 4
-Dio.netty.allocator.numHeapArenas: 16
-Dio.netty.allocator.numDirectArenas: 16
-Dio.netty.allocator.pageSize: 8192
-Dio.netty.allocator.maxOrder: 11
-Dio.netty.allocator.chunkSize: 16777216
-Dio.netty.allocator.smallCacheSize: 256
-Dio.netty.allocator.normalCacheSize: 64
-Dio.netty.allocator.maxCachedBufferCapacity: 32768
-Dio.netty.allocator.cacheTrimInterval: 8192
-Dio.netty.allocator.cacheTrimIntervalMillis: 0
-Dio.netty.allocator.useCacheForAllThreads: true
-Dio.netty.allocator.maxCachedByteBuffersPerChunk: 1023
-Dio.netty.allocator.type: pooled
-Dio.netty.threadLocalDirectBufferSize: 0
-Dio.netty.maxThreadLocalCharBufferSize: 16384
-Dorg.apache.flink.shaded.netty4.io.netty.buffer.checkAccessible: true
-Dorg.apache.flink.shaded.netty4.io.netty.buffer.checkBounds: true
Loaded default ResourceLeakDetector: org.apache.flink.shaded.netty4.io.netty.util.ResourceLeakDetector@6456bbab
